2012.02.06 14:40:53.313 [INFO]  *** Engine initializing *** 
2012.02.06 14:40:54.301 [INFO] RID:BOOLE.AIRWIDESOLUTIONS.COM:4F2FCA55493F2 META description found: Sometimes, it's easy to become overwhelmed by how much there is to learn in this industry. If jQuery happens to be on your personal need to learn soon list, 
2012.02.06 14:40:54.315 [INFO] RID:BOOLE.AIRWIDESOLUTIONS.COM:4F2FCA55493F2 found 46 images in http://net.tutsplus.com/articles/news/learn-jquery-in-30-days/ 
2012.02.06 14:40:54.315 [DEBUG] RID:BOOLE.AIRWIDESOLUTIONS.COM:4F2FCA55493F2 match: http://net.tutsplus.com/wp-content/themes/tuts/images/theme/nettuts/apple-touch-icon.png 
2012.02.06 14:40:54.795 [DEBUG] RID:BOOLE.AIRWIDESOLUTIONS.COM:4F2FCA55493F2 IMG-4f2fca564cfa4 Calculated dimensions (NoJPG): 129x129 
2012.02.06 14:40:54.795 [DEBUG] RID:BOOLE.AIRWIDESOLUTIONS.COM:4F2FCA55493F2 match: http://net.tutsplus.com/wp-content/themes/tuts/images/global/box.gif 
2012.02.06 14:40:55.285 [DEBUG] RID:BOOLE.AIRWIDESOLUTIONS.COM:4F2FCA55493F2 IMG-4f2fca56c237b Calculated dimensions (NoJPG): 1x1 
2012.02.06 14:40:55.285 [DEBUG] RID:BOOLE.AIRWIDESOLUTIONS.COM:4F2FCA55493F2 IMG-4f2fca56c237b DISCARDING: 1px REASON: min width. 
2012.02.06 14:40:55.285 [DEBUG] RID:BOOLE.AIRWIDESOLUTIONS.COM:4F2FCA55493F2 match: http://net.tutsplus.com/wp-content/themes/tuts/images/global/box.gif 
2012.02.06 14:40:55.758 [DEBUG] RID:BOOLE.AIRWIDESOLUTIONS.COM:4F2FCA55493F2 IMG-4f2fca5745a38 Calculated dimensions (NoJPG): 1x1 
2012.02.06 14:40:55.758 [DEBUG] RID:BOOLE.AIRWIDESOLUTIONS.COM:4F2FCA55493F2 IMG-4f2fca5745a38 DISCARDING: 1px REASON: min width. 
2012.02.06 14:40:55.758 [DEBUG] RID:BOOLE.AIRWIDESOLUTIONS.COM:4F2FCA55493F2 match: http://net.tutsplus.com/wp-content/themes/tuts/images/global/box.gif 
2012.02.06 14:41:33.291 [INFO]  *** Engine initializing *** 
2012.02.06 14:41:34.334 [INFO] RID:BOOLE.AIRWIDESOLUTIONS.COM:4F2FCA7D44C99 META description found: Sometimes, it's easy to become overwhelmed by how much there is to learn in this industry. If jQuery happens to be on your personal need to learn soon list, 
2012.02.06 14:41:34.348 [INFO] RID:BOOLE.AIRWIDESOLUTIONS.COM:4F2FCA7D44C99 found 46 images in http://net.tutsplus.com/articles/news/learn-jquery-in-30-days/ 
2012.02.06 14:41:34.348 [DEBUG] RID:BOOLE.AIRWIDESOLUTIONS.COM:4F2FCA7D44C99 match: http://net.tutsplus.com/wp-content/themes/tuts/images/theme/nettuts/apple-touch-icon.png 
2012.02.06 14:41:34.831 [DEBUG] RID:BOOLE.AIRWIDESOLUTIONS.COM:4F2FCA7D44C99 IMG-4f2fca7e5515e Calculated dimensions (NoJPG): 129x129 
2012.02.06 14:41:34.831 [DEBUG] RID:BOOLE.AIRWIDESOLUTIONS.COM:4F2FCA7D44C99 match: http://net.tutsplus.com/wp-content/themes/tuts/images/global/box.gif 
2012.02.06 14:41:35.310 [DEBUG] RID:BOOLE.AIRWIDESOLUTIONS.COM:4F2FCA7D44C99 IMG-4f2fca7ecae4e Calculated dimensions (NoJPG): 1x1 
2012.02.06 14:41:35.310 [DEBUG] RID:BOOLE.AIRWIDESOLUTIONS.COM:4F2FCA7D44C99 IMG-4f2fca7ecae4e DISCARDING: 1px REASON: min width. 
2012.02.06 14:41:35.310 [DEBUG] RID:BOOLE.AIRWIDESOLUTIONS.COM:4F2FCA7D44C99 match: http://net.tutsplus.com/wp-content/themes/tuts/images/global/box.gif 
2012.02.06 14:41:35.784 [DEBUG] RID:BOOLE.AIRWIDESOLUTIONS.COM:4F2FCA7D44C99 IMG-4f2fca7f4bbaa Calculated dimensions (NoJPG): 1x1 
2012.02.06 14:41:35.785 [DEBUG] RID:BOOLE.AIRWIDESOLUTIONS.COM:4F2FCA7D44C99 IMG-4f2fca7f4bbaa DISCARDING: 1px REASON: min width. 
2012.02.06 14:41:35.785 [DEBUG] RID:BOOLE.AIRWIDESOLUTIONS.COM:4F2FCA7D44C99 match: http://net.tutsplus.com/wp-content/themes/tuts/images/global/box.gif 
2012.02.06 14:41:36.259 [DEBUG] RID:BOOLE.AIRWIDESOLUTIONS.COM:4F2FCA7D44C99 IMG-4f2fca7fbf95a Calculated dimensions (NoJPG): 1x1 
2012.02.06 14:41:36.259 [DEBUG] RID:BOOLE.AIRWIDESOLUTIONS.COM:4F2FCA7D44C99 IMG-4f2fca7fbf95a DISCARDING: 1px REASON: min width. 
2012.02.06 14:41:36.259 [DEBUG] RID:BOOLE.AIRWIDESOLUTIONS.COM:4F2FCA7D44C99 match: http://tutsplus.s3.amazonaws.com/tutspremium/courses_$folder$/30DaysJquery/200x200.png 
2012.02.06 14:41:37.740 [DEBUG] RID:BOOLE.AIRWIDESOLUTIONS.COM:4F2FCA7D44C99 IMG-4f2fca803f59d Calculated dimensions (NoJPG): 200x200 
2012.02.06 14:41:37.740 [DEBUG] RID:BOOLE.AIRWIDESOLUTIONS.COM:4F2FCA7D44C99 match: http://tutsplus.s3.amazonaws.com/tutspremium/courses_$folder$/30DaysJquery/images/learnjQuerySite.jpg 
2012.02.06 14:41:38.480 [DEBUG] RID:BOOLE.AIRWIDESOLUTIONS.COM:4F2FCA7D44C99 IMG-4f2fca81b4a8f Failed to guess dimensions, falling back to NoJPG 
2012.02.06 14:41:40.006 [DEBUG] RID:BOOLE.AIRWIDESOLUTIONS.COM:4F2FCA7D44C99 IMG-4f2fca81b4a8f Calculated dimensions (NoJPG): 663x939 
2012.02.06 14:41:40.006 [DEBUG] RID:BOOLE.AIRWIDESOLUTIONS.COM:4F2FCA7D44C99 IMG-4f2fca81b4a8f DISCARDING: 939px REASON: max height. 
2012.02.06 14:41:40.006 [DEBUG] RID:BOOLE.AIRWIDESOLUTIONS.COM:4F2FCA7D44C99 match: http://0.gravatar.com/avatar/6fa6f0343e6c25ab7d7a68ae018fa5df?s=40&amp;d=http%3A%2F%2Ftutsplus.s3.amazonaws.com%2Fgeneral%2Favatar.jpg 
2012.02.06 14:41:40.467 [DEBUG] RID:BOOLE.AIRWIDESOLUTIONS.COM:4F2FCA7D44C99 IMG-4f2fca8401756 Failed to guess dimensions, falling back to NoJPG 
2012.02.06 14:41:40.591 [DEBUG] RID:BOOLE.AIRWIDESOLUTIONS.COM:4F2FCA7D44C99 IMG-4f2fca8401756 Calculated dimensions (NoJPG): 40x40 
2012.02.06 14:41:40.591 [DEBUG] RID:BOOLE.AIRWIDESOLUTIONS.COM:4F2FCA7D44C99 IMG-4f2fca8401756 DISCARDING: 40px REASON: min width. 
2012.02.06 14:41:40.591 [DEBUG] RID:BOOLE.AIRWIDESOLUTIONS.COM:4F2FCA7D44C99 match: http://0.gravatar.com/avatar/6ce09d5450fbba1c1253f174e27a38cf?s=80&amp;d=http%3A%2F%2Ftutsplus.s3.amazonaws.com%2Fgeneral%2Favatar.jpg 
2012.02.06 14:41:40.712 [DEBUG] RID:BOOLE.AIRWIDESOLUTIONS.COM:4F2FCA7D44C99 IMG-4f2fca8490491 Calculated dimensions (JPG): res=1 80x80 
2012.02.06 14:41:40.712 [DEBUG] RID:BOOLE.AIRWIDESOLUTIONS.COM:4F2FCA7D44C99 match: http://0.gravatar.com/avatar/6fa6f0343e6c25ab7d7a68ae018fa5df?s=80&amp;d=http%3A%2F%2Ftutsplus.s3.amazonaws.com%2Fgeneral%2Favatar.jpg 
2012.02.06 14:41:40.835 [DEBUG] RID:BOOLE.AIRWIDESOLUTIONS.COM:4F2FCA7D44C99 IMG-4f2fca84ade93 Failed to guess dimensions, falling back to NoJPG 
2012.02.06 14:41:40.964 [DEBUG] RID:BOOLE.AIRWIDESOLUTIONS.COM:4F2FCA7D44C99 IMG-4f2fca84ade93 Calculated dimensions (NoJPG): 80x80 
2012.02.06 14:41:40.964 [DEBUG] RID:BOOLE.AIRWIDESOLUTIONS.COM:4F2FCA7D44C99 match: http://1.gravatar.com/avatar/f40a6446a6772fa298eb42e8a64d7e29?s=80&amp;d=http%3A%2F%2Ftutsplus.s3.amazonaws.com%2Fgeneral%2Favatar.jpg 
2012.02.06 14:41:41.089 [DEBUG] RID:BOOLE.AIRWIDESOLUTIONS.COM:4F2FCA7D44C99 IMG-4f2fca84eb554 Calculated dimensions (JPG): res=1 80x80 
2012.02.06 14:41:41.089 [DEBUG] RID:BOOLE.AIRWIDESOLUTIONS.COM:4F2FCA7D44C99 match: http://0.gravatar.com/avatar/63aa0d602661d3e316a2992ccfa855e4?s=80&amp;d=http%3A%2F%2Ftutsplus.s3.amazonaws.com%2Fgeneral%2Favatar.jpg 
2012.02.06 14:41:41.218 [DEBUG] RID:BOOLE.AIRWIDESOLUTIONS.COM:4F2FCA7D44C99 IMG-4f2fca8515cef Calculated dimensions (JPG): res=1 80x80 
2012.02.06 14:41:41.218 [DEBUG] RID:BOOLE.AIRWIDESOLUTIONS.COM:4F2FCA7D44C99 match: http://1.gravatar.com/avatar/1da59f7503bfec4c03f638117ef09910?s=80&amp;d=http%3A%2F%2Ftutsplus.s3.amazonaws.com%2Fgeneral%2Favatar.jpg 
2012.02.06 14:41:41.354 [DEBUG] RID:BOOLE.AIRWIDESOLUTIONS.COM:4F2FCA7D44C99 IMG-4f2fca85353e6 Calculated dimensions (JPG): res=1 80x80 
2012.02.06 14:41:41.354 [DEBUG] RID:BOOLE.AIRWIDESOLUTIONS.COM:4F2FCA7D44C99 match: http://1.gravatar.com/avatar/91e42ae17792439d36eeeb454661c1e7?s=80&amp;d=http%3A%2F%2Ftutsplus.s3.amazonaws.com%2Fgeneral%2Favatar.jpg 
2012.02.06 14:41:41.475 [DEBUG] RID:BOOLE.AIRWIDESOLUTIONS.COM:4F2FCA7D44C99 IMG-4f2fca855691c Calculated dimensions (JPG): res=1 80x80 
2012.02.06 14:41:41.475 [DEBUG] RID:BOOLE.AIRWIDESOLUTIONS.COM:4F2FCA7D44C99 match: http://0.gravatar.com/avatar/a9b0c32519caf68164741104f148cf9e?s=80&amp;d=http%3A%2F%2Ftutsplus.s3.amazonaws.com%2Fgeneral%2Favatar.jpg 
2012.02.06 14:41:41.597 [DEBUG] RID:BOOLE.AIRWIDESOLUTIONS.COM:4F2FCA7D44C99 IMG-4f2fca8573ea5 Calculated dimensions (JPG): res=1 80x80 
2012.02.06 14:41:41.597 [DEBUG] RID:BOOLE.AIRWIDESOLUTIONS.COM:4F2FCA7D44C99 match: http://1.gravatar.com/avatar/b7f6af8effe1175f3c6eb5a8455891c7?s=80&amp;d=http%3A%2F%2Ftutsplus.s3.amazonaws.com%2Fgeneral%2Favatar.jpg 
2012.02.06 14:41:41.743 [DEBUG] RID:BOOLE.AIRWIDESOLUTIONS.COM:4F2FCA7D44C99 IMG-4f2fca8591cb2 Calculated dimensions (JPG): res=1 80x80 
2012.02.06 14:41:41.743 [DEBUG] RID:BOOLE.AIRWIDESOLUTIONS.COM:4F2FCA7D44C99 match: http://1.gravatar.com/avatar/fc93f97e1607b42ece907f95d6e89a3c?s=80&amp;d=http%3A%2F%2Ftutsplus.s3.amazonaws.com%2Fgeneral%2Favatar.jpg 
2012.02.06 14:41:41.864 [DEBUG] RID:BOOLE.AIRWIDESOLUTIONS.COM:4F2FCA7D44C99 IMG-4f2fca85b57eb Calculated dimensions (JPG): res=1 80x80 
2012.02.06 14:41:41.864 [DEBUG] RID:BOOLE.AIRWIDESOLUTIONS.COM:4F2FCA7D44C99 match: http://1.gravatar.com/avatar/db044c56b7fd5e391ea70fdfad582478?s=80&amp;d=http%3A%2F%2Ftutsplus.s3.amazonaws.com%2Fgeneral%2Favatar.jpg 
2012.02.06 14:41:41.988 [DEBUG] RID:BOOLE.AIRWIDESOLUTIONS.COM:4F2FCA7D44C99 IMG-4f2fca85d2e4b Calculated dimensions (JPG): res=1 80x80 
2012.02.06 14:41:41.988 [DEBUG] RID:BOOLE.AIRWIDESOLUTIONS.COM:4F2FCA7D44C99 match: http://1.gravatar.com/avatar/3e29378b93c7a893f37244f3571b99bf?s=80&amp;d=http%3A%2F%2Ftutsplus.s3.amazonaws.com%2Fgeneral%2Favatar.jpg 
2012.02.06 14:41:42.110 [DEBUG] RID:BOOLE.AIRWIDESOLUTIONS.COM:4F2FCA7D44C99 IMG-4f2fca85f12d9 Calculated dimensions (JPG): res=1 80x80 
2012.02.06 14:41:42.110 [DEBUG] RID:BOOLE.AIRWIDESOLUTIONS.COM:4F2FCA7D44C99 match: http://0.gravatar.com/avatar/2c35a1f9b46907523ab7e54c0466480d?s=80&amp;d=http%3A%2F%2Ftutsplus.s3.amazonaws.com%2Fgeneral%2Favatar.jpg 
2012.02.06 14:41:42.232 [DEBUG] RID:BOOLE.AIRWIDESOLUTIONS.COM:4F2FCA7D44C99 IMG-4f2fca861aead Calculated dimensions (JPG): res=1 80x80 
2012.02.06 14:41:42.232 [DEBUG] RID:BOOLE.AIRWIDESOLUTIONS.COM:4F2FCA7D44C99 match: http://0.gravatar.com/avatar/a44dc56db6af998e3a13788cc681c232?s=80&amp;d=http%3A%2F%2Ftutsplus.s3.amazonaws.com%2Fgeneral%2Favatar.jpg 
2012.02.06 14:41:42.352 [DEBUG] RID:BOOLE.AIRWIDESOLUTIONS.COM:4F2FCA7D44C99 IMG-4f2fca8638b2d Failed to guess dimensions, falling back to NoJPG 
2012.02.06 14:41:42.482 [DEBUG] RID:BOOLE.AIRWIDESOLUTIONS.COM:4F2FCA7D44C99 IMG-4f2fca8638b2d Calculated dimensions (NoJPG): 80x80 
2012.02.06 14:41:42.482 [DEBUG] RID:BOOLE.AIRWIDESOLUTIONS.COM:4F2FCA7D44C99 match: http://1.gravatar.com/avatar/14d2afbf41eafc90651d86dbce31b187?s=80&amp;d=http%3A%2F%2Ftutsplus.s3.amazonaws.com%2Fgeneral%2Favatar.jpg 
2012.02.06 14:41:42.614 [DEBUG] RID:BOOLE.AIRWIDESOLUTIONS.COM:4F2FCA7D44C99 IMG-4f2fca8675c93 Calculated dimensions (JPG): res=1 80x80 
2012.02.06 14:41:42.614 [DEBUG] RID:BOOLE.AIRWIDESOLUTIONS.COM:4F2FCA7D44C99 match: http://0.gravatar.com/avatar/60b7a7622100d13c72450e1ff31567bf?s=80&amp;d=http%3A%2F%2Ftutsplus.s3.amazonaws.com%2Fgeneral%2Favatar.jpg 
2012.02.06 14:41:42.735 [DEBUG] RID:BOOLE.AIRWIDESOLUTIONS.COM:4F2FCA7D44C99 IMG-4f2fca8695e29 Calculated dimensions (JPG): res=1 80x80 
2012.02.06 14:41:42.736 [DEBUG] RID:BOOLE.AIRWIDESOLUTIONS.COM:4F2FCA7D44C99 match: http://1.gravatar.com/avatar/d9641fbd747a88a737ff349086148433?s=80&amp;d=http%3A%2F%2Ftutsplus.s3.amazonaws.com%2Fgeneral%2Favatar.jpg 
2012.02.06 14:41:42.858 [DEBUG] RID:BOOLE.AIRWIDESOLUTIONS.COM:4F2FCA7D44C99 IMG-4f2fca86b39e1 Calculated dimensions (JPG): res=1 80x80 
2012.02.06 14:41:42.858 [DEBUG] RID:BOOLE.AIRWIDESOLUTIONS.COM:4F2FCA7D44C99 match: http://1.gravatar.com/avatar/98fe651f14d84f5ae6a0827cd30f4ab4?s=80&amp;d=http%3A%2F%2Ftutsplus.s3.amazonaws.com%2Fgeneral%2Favatar.jpg 
2012.02.06 14:41:42.981 [DEBUG] RID:BOOLE.AIRWIDESOLUTIONS.COM:4F2FCA7D44C99 IMG-4f2fca86d184e Calculated dimensions (JPG): res=1 80x80 
2012.02.06 14:41:42.981 [DEBUG] RID:BOOLE.AIRWIDESOLUTIONS.COM:4F2FCA7D44C99 match: http://0.gravatar.com/avatar/0f586d4f7e546b7d18a125a74e63104f?s=80&amp;d=http%3A%2F%2Ftutsplus.s3.amazonaws.com%2Fgeneral%2Favatar.jpg 
2012.02.06 14:41:43.101 [DEBUG] RID:BOOLE.AIRWIDESOLUTIONS.COM:4F2FCA7D44C99 IMG-4f2fca86ef9f9 Calculated dimensions (JPG): res=1 80x80 
2012.02.06 14:41:43.101 [DEBUG] RID:BOOLE.AIRWIDESOLUTIONS.COM:4F2FCA7D44C99 match: http://1.gravatar.com/avatar/593692b1c4b2b54b9089a0e0368f94e1?s=80&amp;d=http%3A%2F%2Ftutsplus.s3.amazonaws.com%2Fgeneral%2Favatar.jpg 
2012.02.06 14:41:43.224 [DEBUG] RID:BOOLE.AIRWIDESOLUTIONS.COM:4F2FCA7D44C99 IMG-4f2fca8718c7a Calculated dimensions (JPG): res=1 80x80 
2012.02.06 14:41:43.224 [DEBUG] RID:BOOLE.AIRWIDESOLUTIONS.COM:4F2FCA7D44C99 match: http://0.gravatar.com/avatar/0db7870a467194cf4742c865be641c28?s=80&amp;d=http%3A%2F%2Ftutsplus.s3.amazonaws.com%2Fgeneral%2Favatar.jpg 
2012.02.06 14:41:43.346 [DEBUG] RID:BOOLE.AIRWIDESOLUTIONS.COM:4F2FCA7D44C99 IMG-4f2fca8736aa2 Calculated dimensions (JPG): res=1 80x80 
2012.02.06 14:41:43.347 [DEBUG] RID:BOOLE.AIRWIDESOLUTIONS.COM:4F2FCA7D44C99 match: http://1.gravatar.com/avatar/d59bea9457e5a59c32666226c148c686?s=80&amp;d=http%3A%2F%2Ftutsplus.s3.amazonaws.com%2Fgeneral%2Favatar.jpg 
2012.02.06 14:41:43.470 [DEBUG] RID:BOOLE.AIRWIDESOLUTIONS.COM:4F2FCA7D44C99 IMG-4f2fca8754a47 Calculated dimensions (JPG): res=1 80x80 
2012.02.06 14:41:43.470 [DEBUG] RID:BOOLE.AIRWIDESOLUTIONS.COM:4F2FCA7D44C99 match: http://0.gravatar.com/avatar/8dc0675a5e57d8879f5f8524a6e659d7?s=80&amp;d=http%3A%2F%2Ftutsplus.s3.amazonaws.com%2Fgeneral%2Favatar.jpg 
2012.02.06 14:41:43.592 [DEBUG] RID:BOOLE.AIRWIDESOLUTIONS.COM:4F2FCA7D44C99 IMG-4f2fca8772dcf Failed to guess dimensions, falling back to NoJPG 
2012.02.06 14:41:43.720 [DEBUG] RID:BOOLE.AIRWIDESOLUTIONS.COM:4F2FCA7D44C99 IMG-4f2fca8772dcf Calculated dimensions (NoJPG): 80x80 
2012.02.06 14:41:43.720 [DEBUG] RID:BOOLE.AIRWIDESOLUTIONS.COM:4F2FCA7D44C99 match: http://0.gravatar.com/avatar/6e34b7d7a6d91227024f868cad8245fa?s=80&amp;d=http%3A%2F%2Ftutsplus.s3.amazonaws.com%2Fgeneral%2Favatar.jpg 
2012.02.06 14:41:43.849 [DEBUG] RID:BOOLE.AIRWIDESOLUTIONS.COM:4F2FCA7D44C99 IMG-4f2fca87afbec Calculated dimensions (JPG): res=1 80x80 
2012.02.06 14:41:43.849 [DEBUG] RID:BOOLE.AIRWIDESOLUTIONS.COM:4F2FCA7D44C99 match: http://1.gravatar.com/avatar/5c931370a568b1203e342efe4689d6c9?s=80&amp;d=http%3A%2F%2Ftutsplus.s3.amazonaws.com%2Fgeneral%2Favatar.jpg 
2012.02.06 14:41:43.971 [DEBUG] RID:BOOLE.AIRWIDESOLUTIONS.COM:4F2FCA7D44C99 IMG-4f2fca87cf4aa Calculated dimensions (JPG): res=1 80x80 
2012.02.06 14:41:43.971 [DEBUG] RID:BOOLE.AIRWIDESOLUTIONS.COM:4F2FCA7D44C99 match: http://0.gravatar.com/avatar/6fa6f0343e6c25ab7d7a68ae018fa5df?s=80&amp;d=http%3A%2F%2Ftutsplus.s3.amazonaws.com%2Fgeneral%2Favatar.jpg 
2012.02.06 14:41:44.090 [DEBUG] RID:BOOLE.AIRWIDESOLUTIONS.COM:4F2FCA7D44C99 IMG-4f2fca87ed16b Failed to guess dimensions, falling back to NoJPG 
2012.02.06 14:41:44.223 [DEBUG] RID:BOOLE.AIRWIDESOLUTIONS.COM:4F2FCA7D44C99 IMG-4f2fca87ed16b Calculated dimensions (NoJPG): 80x80 
2012.02.06 14:41:44.223 [DEBUG] RID:BOOLE.AIRWIDESOLUTIONS.COM:4F2FCA7D44C99 match: http://0.gravatar.com/avatar/c10f9fc9cb11b6350da857168386f8a5?s=80&amp;d=http%3A%2F%2Ftutsplus.s3.amazonaws.com%2Fgeneral%2Favatar.jpg 
2012.02.06 14:41:44.349 [DEBUG] RID:BOOLE.AIRWIDESOLUTIONS.COM:4F2FCA7D44C99 IMG-4f2fca8836640 Failed to guess dimensions, falling back to NoJPG 
2012.02.06 14:41:44.474 [DEBUG] RID:BOOLE.AIRWIDESOLUTIONS.COM:4F2FCA7D44C99 IMG-4f2fca8836640 Calculated dimensions (NoJPG): 80x80 
2012.02.06 14:41:44.474 [DEBUG] RID:BOOLE.AIRWIDESOLUTIONS.COM:4F2FCA7D44C99 match: http://1.gravatar.com/avatar/75394e0be63007ad01c158f8573131e5?s=80&amp;d=http%3A%2F%2Ftutsplus.s3.amazonaws.com%2Fgeneral%2Favatar.jpg 
2012.02.06 14:41:44.595 [DEBUG] RID:BOOLE.AIRWIDESOLUTIONS.COM:4F2FCA7D44C99 IMG-4f2fca8873bc8 Calculated dimensions (JPG): res=1 80x80 
2012.02.06 14:41:44.595 [DEBUG] RID:BOOLE.AIRWIDESOLUTIONS.COM:4F2FCA7D44C99 match: http://0.gravatar.com/avatar/a40acf7a96c529b2c336604d58d10afb?s=80&amp;d=http%3A%2F%2Ftutsplus.s3.amazonaws.com%2Fgeneral%2Favatar.jpg 
2012.02.06 14:41:44.715 [DEBUG] RID:BOOLE.AIRWIDESOLUTIONS.COM:4F2FCA7D44C99 IMG-4f2fca88915df Calculated dimensions (JPG): res=1 80x80 
2012.02.06 14:41:44.716 [DEBUG] RID:BOOLE.AIRWIDESOLUTIONS.COM:4F2FCA7D44C99 match: http://0.gravatar.com/avatar/e788f63a77893dc02d34adcc3dcfa30c?s=80&amp;d=http%3A%2F%2Ftutsplus.s3.amazonaws.com%2Fgeneral%2Favatar.jpg 
2012.02.06 14:41:44.837 [DEBUG] RID:BOOLE.AIRWIDESOLUTIONS.COM:4F2FCA7D44C99 IMG-4f2fca88aeb99 Calculated dimensions (JPG): res=1 80x80 
2012.02.06 14:41:44.838 [DEBUG] RID:BOOLE.AIRWIDESOLUTIONS.COM:4F2FCA7D44C99 match: http://0.gravatar.com/avatar/2fbefdd8790d6ef1d023c64bf7b4c485?s=80&amp;d=http%3A%2F%2Ftutsplus.s3.amazonaws.com%2Fgeneral%2Favatar.jpg 
2012.02.06 14:41:44.964 [DEBUG] RID:BOOLE.AIRWIDESOLUTIONS.COM:4F2FCA7D44C99 IMG-4f2fca88cc809 Calculated dimensions (JPG): res=1 80x80 
2012.02.06 14:41:44.964 [DEBUG] RID:BOOLE.AIRWIDESOLUTIONS.COM:4F2FCA7D44C99 match: http://1.gravatar.com/avatar/9c23e5c002417157a9264e7cded28f79?s=80&amp;d=http%3A%2F%2Ftutsplus.s3.amazonaws.com%2Fgeneral%2Favatar.jpg 
2012.02.06 14:41:45.087 [DEBUG] RID:BOOLE.AIRWIDESOLUTIONS.COM:4F2FCA7D44C99 IMG-4f2fca88eb59c Calculated dimensions (JPG): res=1 80x80 
2012.02.06 14:41:45.087 [DEBUG] RID:BOOLE.AIRWIDESOLUTIONS.COM:4F2FCA7D44C99 match: http://1.gravatar.com/avatar/3dd0b569a1d88989eff25a82d78d7432?s=80&amp;d=http%3A%2F%2Ftutsplus.s3.amazonaws.com%2Fgeneral%2Favatar.jpg 
2012.02.06 14:41:45.354 [DEBUG] RID:BOOLE.AIRWIDESOLUTIONS.COM:4F2FCA7D44C99 IMG-4f2fca8915550 Calculated dimensions (JPG): res=1 80x80 
2012.02.06 14:41:45.354 [DEBUG] RID:BOOLE.AIRWIDESOLUTIONS.COM:4F2FCA7D44C99 match: http://net.tutsplus.com/wp-content/themes/tuts/images/global/access-premium.jpg 
2012.02.06 14:41:45.827 [DEBUG] RID:BOOLE.AIRWIDESOLUTIONS.COM:4F2FCA7D44C99 IMG-4f2fca895675b Calculated dimensions (JPG): res=1 370x395 
2012.02.06 14:41:45.827 [DEBUG] RID:BOOLE.AIRWIDESOLUTIONS.COM:4F2FCA7D44C99 match: http://rockable.s3.amazonaws.com/covers/135_goodjavascript.png 
2012.02.06 14:41:46.998 [DEBUG] RID:BOOLE.AIRWIDESOLUTIONS.COM:4F2FCA7D44C99 IMG-4f2fca89c9de4 Calculated dimensions (NoJPG): 135x135 
2012.02.06 14:41:46.998 [DEBUG] RID:BOOLE.AIRWIDESOLUTIONS.COM:4F2FCA7D44C99 match: http://net.tutsplus.com/wp-content/themes/tuts/images/theme/nettuts/mc-icon.jpg 
2012.02.06 14:41:47.483 [DEBUG] RID:BOOLE.AIRWIDESOLUTIONS.COM:4F2FCA7D44C99 IMG-4f2fca8af3ba8 Failed to guess dimensions, falling back to NoJPG 
2012.02.06 14:41:47.971 [DEBUG] RID:BOOLE.AIRWIDESOLUTIONS.COM:4F2FCA7D44C99 IMG-4f2fca8af3ba8 Calculated dimensions (NoJPG): 134x186 
2012.02.06 14:41:47.972 [DEBUG] RID:BOOLE.AIRWIDESOLUTIONS.COM:4F2FCA7D44C99 match: http://2.s3.envato.com/files/1967561/icon3.png 
2012.02.06 14:41:48.097 [DEBUG] RID:BOOLE.AIRWIDESOLUTIONS.COM:4F2FCA7D44C99 IMG-4f2fca8bed38f Calculated dimensions (NoJPG): 80x80 
2012.02.06 14:41:48.097 [DEBUG] RID:BOOLE.AIRWIDESOLUTIONS.COM:4F2FCA7D44C99 match: http://3.s3.envato.com/files/12921311/8.0-small-image-preview.png 
2012.02.06 14:41:48.136 [DEBUG] RID:BOOLE.AIRWIDESOLUTIONS.COM:4F2FCA7D44C99 IMG-4f2fca8c17cf0 Calculated dimensions (NoJPG): 80x80 
2012.02.06 14:41:48.136 [DEBUG] RID:BOOLE.AIRWIDESOLUTIONS.COM:4F2FCA7D44C99 match: http://creattica.com/uploaded-images/0018/6926/site_thumb.jpg 
2012.02.06 14:41:48.755 [DEBUG] RID:BOOLE.AIRWIDESOLUTIONS.COM:4F2FCA7D44C99 IMG-4f2fca8c214f5 Failed to guess dimensions, falling back to NoJPG 
2012.02.06 14:41:49.411 [DEBUG] RID:BOOLE.AIRWIDESOLUTIONS.COM:4F2FCA7D44C99 IMG-4f2fca8c214f5 Calculated dimensions (NoJPG): 320x260 
2012.02.06 14:41:49.411 [DEBUG] RID:BOOLE.AIRWIDESOLUTIONS.COM:4F2FCA7D44C99 match: http://net.tutsplus.com/wp-content/themes/tuts/images/global/adhere_330.jpg 
2012.02.06 14:41:49.883 [DEBUG] RID:BOOLE.AIRWIDESOLUTIONS.COM:4F2FCA7D44C99 IMG-4f2fca8d64797 Calculated dimensions (JPG): res=1 330x250 
2012.02.06 14:41:49.883 [INFO] RID:BOOLE.AIRWIDESOLUTIONS.COM:4F2FCA7D44C99 OMS: scrapped 5 of 46 images 
2012.02.06 14:41:51.020 [INFO] RID:BOOLE.AIRWIDESOLUTIONS.COM:4F2FCA7D44C99 META description found: Mtv.it - il punto di riferimento per la musica italiana e internazionale. Il sito presenta il palinsesto dell'emittente televisiva e informazioni su artisti, dischi, classifiche e concerti in Italia 
2012.02.06 14:41:51.044 [INFO] RID:BOOLE.AIRWIDESOLUTIONS.COM:4F2FCA7D44C99 found 14 images in http://mtv.it/ 
2012.02.06 14:41:51.044 [DEBUG] RID:BOOLE.AIRWIDESOLUTIONS.COM:4F2FCA7D44C99 match: http://media.mtvne.com/manual/regions/it/tv/i_used_to_be_fat/stagione_02/it_iusedtobefat_201_140.jpg 
2012.02.06 14:41:51.577 [DEBUG] RID:BOOLE.AIRWIDESOLUTIONS.COM:4F2FCA7D44C99 IMG-4f2fca8f0ac2f Calculated dimensions (JPG): res=1 140x105 
2012.02.06 14:41:51.577 [DEBUG] RID:BOOLE.AIRWIDESOLUTIONS.COM:4F2FCA7D44C99 match: http://media.mtvne.com/manual/regions/it/tv/extreme_cribs/stagione_01/it_extreme_cribs_105_140.jpg 
2012.02.06 14:41:51.747 [DEBUG] RID:BOOLE.AIRWIDESOLUTIONS.COM:4F2FCA7D44C99 IMG-4f2fca8f8cd27 Calculated dimensions (JPG): res=1 140x105 
2012.02.06 14:41:51.747 [DEBUG] RID:BOOLE.AIRWIDESOLUTIONS.COM:4F2FCA7D44C99 match: http://media.mtvne.com/manual/regions/it/tv/teen_mom/stagione_03/it_teen_mom_305_140.jpg 
2012.02.06 14:41:51.918 [DEBUG] RID:BOOLE.AIRWIDESOLUTIONS.COM:4F2FCA7D44C99 IMG-4f2fca8fb6724 Calculated dimensions (JPG): res=1 140x105 
2012.02.06 14:41:51.918 [DEBUG] RID:BOOLE.AIRWIDESOLUTIONS.COM:4F2FCA7D44C99 match: http://media.mtvne.com/manual/regions/it/tv/degrassi/stagione_08/it_degrassi_801_140.jpg 
2012.02.06 14:41:52.093 [DEBUG] RID:BOOLE.AIRWIDESOLUTIONS.COM:4F2FCA7D44C99 IMG-4f2fca8fe03ba Calculated dimensions (JPG): res=1 140x105 
2012.02.06 14:41:52.093 [DEBUG] RID:BOOLE.AIRWIDESOLUTIONS.COM:4F2FCA7D44C99 match: http://www.mtvnews.it/wp-content/blogs.dir/2/files/2012/02/it_mtvnews_faccio_il_lavoro_di_mio_padre_mizio_320.jpg 
2012.02.06 14:41:52.325 [DEBUG] RID:BOOLE.AIRWIDESOLUTIONS.COM:4F2FCA7D44C99 IMG-4f2fca9016cff Calculated dimensions (JPG): res=1 320x240 
2012.02.06 14:41:52.325 [DEBUG] RID:BOOLE.AIRWIDESOLUTIONS.COM:4F2FCA7D44C99 match: http://store.mtv.it/images/products/35701/img1.jpg 
2012.02.06 14:41:52.933 [DEBUG] RID:BOOLE.AIRWIDESOLUTIONS.COM:4F2FCA7D44C99 IMG-4f2fca904f633 Calculated dimensions (JPG): res=1 150x150 
2012.02.06 14:41:52.933 [DEBUG] RID:BOOLE.AIRWIDESOLUTIONS.COM:4F2FCA7D44C99 match: http://store.mtv.it/images/products/38557/img1.jpg 
2012.02.06 14:41:53.329 [DEBUG] RID:BOOLE.AIRWIDESOLUTIONS.COM:4F2FCA7D44C99 IMG-4f2fca90e3ea0 Failed to guess dimensions, falling back to NoJPG 
2012.02.06 14:41:54.099 [DEBUG] RID:BOOLE.AIRWIDESOLUTIONS.COM:4F2FCA7D44C99 IMG-4f2fca90e3ea0 Calculated dimensions (NoJPG): 433x433 
2012.02.06 14:41:54.099 [DEBUG] RID:BOOLE.AIRWIDESOLUTIONS.COM:4F2FCA7D44C99 match: http://store.mtv.it/images/products/40828/img1.jpg 
2012.02.06 14:41:54.635 [DEBUG] RID:BOOLE.AIRWIDESOLUTIONS.COM:4F2FCA7D44C99 IMG-4f2fca9218448 Calculated dimensions (JPG): res=1 150x150 
2012.02.06 14:41:54.635 [DEBUG] RID:BOOLE.AIRWIDESOLUTIONS.COM:4F2FCA7D44C99 match: http://biglietti.mtv.it/SecondaryTicket/images/events/715/small.jpg 
2012.02.06 14:41:55.212 [DEBUG] RID:BOOLE.AIRWIDESOLUTIONS.COM:4F2FCA7D44C99 IMG-4f2fca929afca Calculated dimensions (JPG): res=1 120x70 
2012.02.06 14:41:55.212 [DEBUG] RID:BOOLE.AIRWIDESOLUTIONS.COM:4F2FCA7D44C99 match: http://biglietti.mtv.it/SecondaryTicket/images/events/3076/small.jpg 
2012.02.06 14:41:55.702 [DEBUG] RID:BOOLE.AIRWIDESOLUTIONS.COM:4F2FCA7D44C99 IMG-4f2fca9333d35 Calculated dimensions (JPG): res=1 120x70 
2012.02.06 14:41:55.703 [DEBUG] RID:BOOLE.AIRWIDESOLUTIONS.COM:4F2FCA7D44C99 match: http://biglietti.mtv.it/SecondaryTicket/images/events/3800/small.jpg 
2012.02.06 14:41:56.201 [DEBUG] RID:BOOLE.AIRWIDESOLUTIONS.COM:4F2FCA7D44C99 IMG-4f2fca93ab8a7 Failed to guess dimensions, falling back to NoJPG 
2012.02.06 14:41:57.233 [DEBUG] RID:BOOLE.AIRWIDESOLUTIONS.COM:4F2FCA7D44C99 IMG-4f2fca93ab8a7 Calculated dimensions (NoJPG): 500x296 
2012.02.06 14:41:57.234 [DEBUG] RID:BOOLE.AIRWIDESOLUTIONS.COM:4F2FCA7D44C99 match: http://mtv-it.mtvnimages.com/chartItems/telo.jpg 
2012.02.06 14:41:57.995 [DEBUG] RID:BOOLE.AIRWIDESOLUTIONS.COM:4F2FCA7D44C99 IMG-4f2fca9539148 Calculated dimensions (JPG): res=1 140x105 
2012.02.06 14:41:57.999 [DEBUG] RID:BOOLE.AIRWIDESOLUTIONS.COM:4F2FCA7D44C99 match: http://mtv-it.mtvnimages.com/chartItems/distratto.jpg 
2012.02.06 14:41:58.204 [DEBUG] RID:BOOLE.AIRWIDESOLUTIONS.COM:4F2FCA7D44C99 IMG-4f2fca9600025 Calculated dimensions (JPG): res=1 140x105 
2012.02.06 14:41:58.205 [DEBUG] RID:BOOLE.AIRWIDESOLUTIONS.COM:4F2FCA7D44C99 match: http://mtv.mtvnimages.com/shared/promoimages/bands/a/adele/someone_like_you/561x401.jpg 
2012.02.06 14:41:58.743 [DEBUG] RID:BOOLE.AIRWIDESOLUTIONS.COM:4F2FCA7D44C99 IMG-4f2fca9632330 Failed to guess dimensions, falling back to NoJPG 
2012.02.06 14:41:59.068 [DEBUG] RID:BOOLE.AIRWIDESOLUTIONS.COM:4F2FCA7D44C99 IMG-4f2fca9632330 Calculated dimensions (NoJPG): 561x401 
2012.02.06 14:41:59.069 [INFO] RID:BOOLE.AIRWIDESOLUTIONS.COM:4F2FCA7D44C99 OMS: scrapped 0 of 14 images 
2012.02.06 14:42:55.427 [INFO]  *** Engine initializing *** 
2012.02.06 14:42:56.433 [INFO] RID:BOOLE.AIRWIDESOLUTIONS.COM:4F2FCACF65D90 META description found: Sometimes, it's easy to become overwhelmed by how much there is to learn in this industry. If jQuery happens to be on your personal need to learn soon list, 
2012.02.06 14:42:56.446 [INFO] RID:BOOLE.AIRWIDESOLUTIONS.COM:4F2FCACF65D90 found 46 images in http://net.tutsplus.com/articles/news/learn-jquery-in-30-days/ 
2012.02.06 14:42:56.446 [DEBUG] RID:BOOLE.AIRWIDESOLUTIONS.COM:4F2FCACF65D90 match: http://net.tutsplus.com/wp-content/themes/tuts/images/theme/nettuts/apple-touch-icon.png 
2012.02.06 14:42:56.935 [DEBUG] RID:BOOLE.AIRWIDESOLUTIONS.COM:4F2FCACF65D90 IMG-4f2fcad06d055 Calculated dimensions (NoJPG): 129x129 
2012.02.06 14:42:56.935 [DEBUG] RID:BOOLE.AIRWIDESOLUTIONS.COM:4F2FCACF65D90 match: http://net.tutsplus.com/wp-content/themes/tuts/images/global/box.gif 
2012.02.06 14:42:57.419 [DEBUG] RID:BOOLE.AIRWIDESOLUTIONS.COM:4F2FCACF65D90 IMG-4f2fcad0e45ea Calculated dimensions (NoJPG): 1x1 
2012.02.06 14:42:57.419 [DEBUG] RID:BOOLE.AIRWIDESOLUTIONS.COM:4F2FCACF65D90 IMG-4f2fcad0e45ea DISCARDING: 1px REASON: min width. 
2012.02.06 14:42:57.419 [DEBUG] RID:BOOLE.AIRWIDESOLUTIONS.COM:4F2FCACF65D90 match: http://net.tutsplus.com/wp-content/themes/tuts/images/global/box.gif 
2012.02.06 14:42:57.905 [DEBUG] RID:BOOLE.AIRWIDESOLUTIONS.COM:4F2FCACF65D90 IMG-4f2fcad1665af Calculated dimensions (NoJPG): 1x1 
2012.02.06 14:42:57.905 [DEBUG] RID:BOOLE.AIRWIDESOLUTIONS.COM:4F2FCACF65D90 IMG-4f2fcad1665af DISCARDING: 1px REASON: min width. 
2012.02.06 14:42:57.905 [DEBUG] RID:BOOLE.AIRWIDESOLUTIONS.COM:4F2FCACF65D90 match: http://net.tutsplus.com/wp-content/themes/tuts/images/global/box.gif 
2012.02.06 14:42:58.385 [DEBUG] RID:BOOLE.AIRWIDESOLUTIONS.COM:4F2FCACF65D90 IMG-4f2fcad1dcf70 Calculated dimensions (NoJPG): 1x1 
2012.02.06 14:42:58.386 [DEBUG] RID:BOOLE.AIRWIDESOLUTIONS.COM:4F2FCACF65D90 IMG-4f2fcad1dcf70 DISCARDING: 1px REASON: min width. 
2012.02.06 14:42:58.386 [DEBUG] RID:BOOLE.AIRWIDESOLUTIONS.COM:4F2FCACF65D90 match: http://tutsplus.s3.amazonaws.com/tutspremium/courses_$folder$/30DaysJquery/200x200.png 
2012.02.06 14:42:59.447 [DEBUG] RID:BOOLE.AIRWIDESOLUTIONS.COM:4F2FCACF65D90 IMG-4f2fcad25e2c2 Calculated dimensions (NoJPG): 200x200 
2012.02.06 14:42:59.448 [DEBUG] RID:BOOLE.AIRWIDESOLUTIONS.COM:4F2FCACF65D90 match: http://tutsplus.s3.amazonaws.com/tutspremium/courses_$folder$/30DaysJquery/images/learnjQuerySite.jpg 
2012.02.06 14:43:00.146 [DEBUG] RID:BOOLE.AIRWIDESOLUTIONS.COM:4F2FCACF65D90 IMG-4f2fcad36d4ad Failed to guess dimensions, falling back to NoJPG 
2012.02.06 14:43:01.768 [DEBUG] RID:BOOLE.AIRWIDESOLUTIONS.COM:4F2FCACF65D90 IMG-4f2fcad36d4ad Calculated dimensions (NoJPG): 663x939 
2012.02.06 14:43:01.768 [DEBUG] RID:BOOLE.AIRWIDESOLUTIONS.COM:4F2FCACF65D90 IMG-4f2fcad36d4ad DISCARDING: 939px REASON: max height. 
2012.02.06 14:43:01.768 [DEBUG] RID:BOOLE.AIRWIDESOLUTIONS.COM:4F2FCACF65D90 match: http://0.gravatar.com/avatar/6fa6f0343e6c25ab7d7a68ae018fa5df?s=40&amp;d=http%3A%2F%2Ftutsplus.s3.amazonaws.com%2Fgeneral%2Favatar.jpg 
2012.02.06 14:43:01.890 [DEBUG] RID:BOOLE.AIRWIDESOLUTIONS.COM:4F2FCACF65D90 IMG-4f2fcad5bb83e Failed to guess dimensions, falling back to NoJPG 
2012.02.06 14:43:02.015 [DEBUG] RID:BOOLE.AIRWIDESOLUTIONS.COM:4F2FCACF65D90 IMG-4f2fcad5bb83e Calculated dimensions (NoJPG): 40x40 
2012.02.06 14:43:02.015 [DEBUG] RID:BOOLE.AIRWIDESOLUTIONS.COM:4F2FCACF65D90 IMG-4f2fcad5bb83e DISCARDING: 40px REASON: min width. 
2012.02.06 14:43:02.016 [DEBUG] RID:BOOLE.AIRWIDESOLUTIONS.COM:4F2FCACF65D90 match: http://0.gravatar.com/avatar/6ce09d5450fbba1c1253f174e27a38cf?s=80&amp;d=http%3A%2F%2Ftutsplus.s3.amazonaws.com%2Fgeneral%2Favatar.jpg 
2012.02.06 14:43:02.136 [DEBUG] RID:BOOLE.AIRWIDESOLUTIONS.COM:4F2FCACF65D90 IMG-4f2fcad603d00 Calculated dimensions (JPG): res=1 80x80 
2012.02.06 14:43:02.136 [DEBUG] RID:BOOLE.AIRWIDESOLUTIONS.COM:4F2FCACF65D90 IMG-4f2fcad603d00 DISCARDING: 80px REASON: min width. 
2012.02.06 14:43:02.136 [DEBUG] RID:BOOLE.AIRWIDESOLUTIONS.COM:4F2FCACF65D90 match: http://0.gravatar.com/avatar/6fa6f0343e6c25ab7d7a68ae018fa5df?s=80&amp;d=http%3A%2F%2Ftutsplus.s3.amazonaws.com%2Fgeneral%2Favatar.jpg 
2012.02.06 14:43:02.257 [DEBUG] RID:BOOLE.AIRWIDESOLUTIONS.COM:4F2FCACF65D90 IMG-4f2fcad6212e3 Failed to guess dimensions, falling back to NoJPG 
2012.02.06 14:43:02.399 [DEBUG] RID:BOOLE.AIRWIDESOLUTIONS.COM:4F2FCACF65D90 IMG-4f2fcad6212e3 Calculated dimensions (NoJPG): 80x80 
2012.02.06 14:43:02.399 [DEBUG] RID:BOOLE.AIRWIDESOLUTIONS.COM:4F2FCACF65D90 IMG-4f2fcad6212e3 DISCARDING: 80px REASON: min width. 
2012.02.06 14:43:02.400 [DEBUG] RID:BOOLE.AIRWIDESOLUTIONS.COM:4F2FCACF65D90 match: http://1.gravatar.com/avatar/f40a6446a6772fa298eb42e8a64d7e29?s=80&amp;d=http%3A%2F%2Ftutsplus.s3.amazonaws.com%2Fgeneral%2Favatar.jpg 
2012.02.06 14:43:02.527 [DEBUG] RID:BOOLE.AIRWIDESOLUTIONS.COM:4F2FCACF65D90 IMG-4f2fcad66192d Calculated dimensions (JPG): res=1 80x80 
2012.02.06 14:43:02.527 [DEBUG] RID:BOOLE.AIRWIDESOLUTIONS.COM:4F2FCACF65D90 IMG-4f2fcad66192d DISCARDING: 80px REASON: min width. 
2012.02.06 14:43:02.527 [DEBUG] RID:BOOLE.AIRWIDESOLUTIONS.COM:4F2FCACF65D90 match: http://0.gravatar.com/avatar/63aa0d602661d3e316a2992ccfa855e4?s=80&amp;d=http%3A%2F%2Ftutsplus.s3.amazonaws.com%2Fgeneral%2Favatar.jpg 
2012.02.06 14:43:02.648 [DEBUG] RID:BOOLE.AIRWIDESOLUTIONS.COM:4F2FCACF65D90 IMG-4f2fcad680afa Calculated dimensions (JPG): res=1 80x80 
2012.02.06 14:43:02.649 [DEBUG] RID:BOOLE.AIRWIDESOLUTIONS.COM:4F2FCACF65D90 IMG-4f2fcad680afa DISCARDING: 80px REASON: min width. 
2012.02.06 14:43:02.649 [DEBUG] RID:BOOLE.AIRWIDESOLUTIONS.COM:4F2FCACF65D90 match: http://1.gravatar.com/avatar/1da59f7503bfec4c03f638117ef09910?s=80&amp;d=http%3A%2F%2Ftutsplus.s3.amazonaws.com%2Fgeneral%2Favatar.jpg 
2012.02.06 14:43:02.771 [DEBUG] RID:BOOLE.AIRWIDESOLUTIONS.COM:4F2FCACF65D90 IMG-4f2fcad69e662 Calculated dimensions (JPG): res=1 80x80 
2012.02.06 14:43:02.771 [DEBUG] RID:BOOLE.AIRWIDESOLUTIONS.COM:4F2FCACF65D90 IMG-4f2fcad69e662 DISCARDING: 80px REASON: min width. 
2012.02.06 14:43:02.771 [DEBUG] RID:BOOLE.AIRWIDESOLUTIONS.COM:4F2FCACF65D90 match: http://1.gravatar.com/avatar/91e42ae17792439d36eeeb454661c1e7?s=80&amp;d=http%3A%2F%2Ftutsplus.s3.amazonaws.com%2Fgeneral%2Favatar.jpg 
2012.02.06 14:43:02.891 [DEBUG] RID:BOOLE.AIRWIDESOLUTIONS.COM:4F2FCACF65D90 IMG-4f2fcad6bc385 Calculated dimensions (JPG): res=1 80x80 
2012.02.06 14:43:02.891 [DEBUG] RID:BOOLE.AIRWIDESOLUTIONS.COM:4F2FCACF65D90 IMG-4f2fcad6bc385 DISCARDING: 80px REASON: min width. 
2012.02.06 14:43:02.892 [DEBUG] RID:BOOLE.AIRWIDESOLUTIONS.COM:4F2FCACF65D90 match: http://0.gravatar.com/avatar/a9b0c32519caf68164741104f148cf9e?s=80&amp;d=http%3A%2F%2Ftutsplus.s3.amazonaws.com%2Fgeneral%2Favatar.jpg 
2012.02.06 14:43:03.016 [DEBUG] RID:BOOLE.AIRWIDESOLUTIONS.COM:4F2FCACF65D90 IMG-4f2fcad6d9aed Calculated dimensions (JPG): res=1 80x80 
2012.02.06 14:43:03.016 [DEBUG] RID:BOOLE.AIRWIDESOLUTIONS.COM:4F2FCACF65D90 IMG-4f2fcad6d9aed DISCARDING: 80px REASON: min width. 
2012.02.06 14:43:03.016 [DEBUG] RID:BOOLE.AIRWIDESOLUTIONS.COM:4F2FCACF65D90 match: http://1.gravatar.com/avatar/b7f6af8effe1175f3c6eb5a8455891c7?s=80&amp;d=http%3A%2F%2Ftutsplus.s3.amazonaws.com%2Fgeneral%2Favatar.jpg 
2012.02.06 14:43:03.142 [DEBUG] RID:BOOLE.AIRWIDESOLUTIONS.COM:4F2FCACF65D90 IMG-4f2fcad703f16 Calculated dimensions (JPG): res=1 80x80 
2012.02.06 14:43:03.143 [DEBUG] RID:BOOLE.AIRWIDESOLUTIONS.COM:4F2FCACF65D90 IMG-4f2fcad703f16 DISCARDING: 80px REASON: min width. 
2012.02.06 14:43:03.143 [DEBUG] RID:BOOLE.AIRWIDESOLUTIONS.COM:4F2FCACF65D90 match: http://1.gravatar.com/avatar/fc93f97e1607b42ece907f95d6e89a3c?s=80&amp;d=http%3A%2F%2Ftutsplus.s3.amazonaws.com%2Fgeneral%2Favatar.jpg 
2012.02.06 14:43:03.345 [DEBUG] RID:BOOLE.AIRWIDESOLUTIONS.COM:4F2FCACF65D90 IMG-4f2fcad722dc8 Calculated dimensions (JPG): res=1 80x80 
2012.02.06 14:43:03.346 [DEBUG] RID:BOOLE.AIRWIDESOLUTIONS.COM:4F2FCACF65D90 IMG-4f2fcad722dc8 DISCARDING: 80px REASON: min width. 
2012.02.06 14:43:03.346 [DEBUG] RID:BOOLE.AIRWIDESOLUTIONS.COM:4F2FCACF65D90 match: http://1.gravatar.com/avatar/db044c56b7fd5e391ea70fdfad582478?s=80&amp;d=http%3A%2F%2Ftutsplus.s3.amazonaws.com%2Fgeneral%2Favatar.jpg 
2012.02.06 14:43:03.466 [DEBUG] RID:BOOLE.AIRWIDESOLUTIONS.COM:4F2FCACF65D90 IMG-4f2fcad754656 Calculated dimensions (JPG): res=1 80x80 
2012.02.06 14:43:03.466 [DEBUG] RID:BOOLE.AIRWIDESOLUTIONS.COM:4F2FCACF65D90 IMG-4f2fcad754656 DISCARDING: 80px REASON: min width. 
2012.02.06 14:43:03.466 [DEBUG] RID:BOOLE.AIRWIDESOLUTIONS.COM:4F2FCACF65D90 match: http://1.gravatar.com/avatar/3e29378b93c7a893f37244f3571b99bf?s=80&amp;d=http%3A%2F%2Ftutsplus.s3.amazonaws.com%2Fgeneral%2Favatar.jpg 
2012.02.06 14:43:03.592 [DEBUG] RID:BOOLE.AIRWIDESOLUTIONS.COM:4F2FCACF65D90 IMG-4f2fcad771d1a Calculated dimensions (JPG): res=1 80x80 
2012.02.06 14:43:03.592 [DEBUG] RID:BOOLE.AIRWIDESOLUTIONS.COM:4F2FCACF65D90 IMG-4f2fcad771d1a DISCARDING: 80px REASON: min width. 
2012.02.06 14:43:03.592 [DEBUG] RID:BOOLE.AIRWIDESOLUTIONS.COM:4F2FCACF65D90 match: http://0.gravatar.com/avatar/2c35a1f9b46907523ab7e54c0466480d?s=80&amp;d=http%3A%2F%2Ftutsplus.s3.amazonaws.com%2Fgeneral%2Favatar.jpg 
2012.02.06 14:43:03.718 [DEBUG] RID:BOOLE.AIRWIDESOLUTIONS.COM:4F2FCACF65D90 IMG-4f2fcad790980 Calculated dimensions (JPG): res=1 80x80 
2012.02.06 14:43:03.718 [DEBUG] RID:BOOLE.AIRWIDESOLUTIONS.COM:4F2FCACF65D90 IMG-4f2fcad790980 DISCARDING: 80px REASON: min width. 
2012.02.06 14:43:03.718 [DEBUG] RID:BOOLE.AIRWIDESOLUTIONS.COM:4F2FCACF65D90 match: http://0.gravatar.com/avatar/a44dc56db6af998e3a13788cc681c232?s=80&amp;d=http%3A%2F%2Ftutsplus.s3.amazonaws.com%2Fgeneral%2Favatar.jpg 
2012.02.06 14:43:03.839 [DEBUG] RID:BOOLE.AIRWIDESOLUTIONS.COM:4F2FCACF65D90 IMG-4f2fcad7af6db Failed to guess dimensions, falling back to NoJPG 
2012.02.06 14:43:03.966 [DEBUG] RID:BOOLE.AIRWIDESOLUTIONS.COM:4F2FCACF65D90 IMG-4f2fcad7af6db Calculated dimensions (NoJPG): 80x80 
2012.02.06 14:43:03.966 [DEBUG] RID:BOOLE.AIRWIDESOLUTIONS.COM:4F2FCACF65D90 IMG-4f2fcad7af6db DISCARDING: 80px REASON: min width. 
2012.02.06 14:43:03.966 [DEBUG] RID:BOOLE.AIRWIDESOLUTIONS.COM:4F2FCACF65D90 match: http://1.gravatar.com/avatar/14d2afbf41eafc90651d86dbce31b187?s=80&amp;d=http%3A%2F%2Ftutsplus.s3.amazonaws.com%2Fgeneral%2Favatar.jpg 
2012.02.06 14:43:04.085 [DEBUG] RID:BOOLE.AIRWIDESOLUTIONS.COM:4F2FCACF65D90 IMG-4f2fcad7ebd59 Calculated dimensions (JPG): res=1 80x80 
2012.02.06 14:43:04.086 [DEBUG] RID:BOOLE.AIRWIDESOLUTIONS.COM:4F2FCACF65D90 IMG-4f2fcad7ebd59 DISCARDING: 80px REASON: min width. 
2012.02.06 14:43:04.086 [DEBUG] RID:BOOLE.AIRWIDESOLUTIONS.COM:4F2FCACF65D90 match: http://0.gravatar.com/avatar/60b7a7622100d13c72450e1ff31567bf?s=80&amp;d=http%3A%2F%2Ftutsplus.s3.amazonaws.com%2Fgeneral%2Favatar.jpg 
2012.02.06 14:43:04.206 [DEBUG] RID:BOOLE.AIRWIDESOLUTIONS.COM:4F2FCACF65D90 IMG-4f2fcad814f34 Calculated dimensions (JPG): res=1 80x80 
2012.02.06 14:43:04.206 [DEBUG] RID:BOOLE.AIRWIDESOLUTIONS.COM:4F2FCACF65D90 IMG-4f2fcad814f34 DISCARDING: 80px REASON: min width. 
2012.02.06 14:43:04.206 [DEBUG] RID:BOOLE.AIRWIDESOLUTIONS.COM:4F2FCACF65D90 match: http://1.gravatar.com/avatar/d9641fbd747a88a737ff349086148433?s=80&amp;d=http%3A%2F%2Ftutsplus.s3.amazonaws.com%2Fgeneral%2Favatar.jpg 
2012.02.06 14:43:04.326 [DEBUG] RID:BOOLE.AIRWIDESOLUTIONS.COM:4F2FCACF65D90 IMG-4f2fcad832537 Calculated dimensions (JPG): res=1 80x80 
2012.02.06 14:43:04.326 [DEBUG] RID:BOOLE.AIRWIDESOLUTIONS.COM:4F2FCACF65D90 IMG-4f2fcad832537 DISCARDING: 80px REASON: min width. 
2012.02.06 14:43:04.326 [DEBUG] RID:BOOLE.AIRWIDESOLUTIONS.COM:4F2FCACF65D90 match: http://1.gravatar.com/avatar/98fe651f14d84f5ae6a0827cd30f4ab4?s=80&amp;d=http%3A%2F%2Ftutsplus.s3.amazonaws.com%2Fgeneral%2Favatar.jpg 
2012.02.06 14:43:04.474 [DEBUG] RID:BOOLE.AIRWIDESOLUTIONS.COM:4F2FCACF65D90 IMG-4f2fcad84fb52 Calculated dimensions (JPG): res=1 80x80 
2012.02.06 14:43:04.474 [DEBUG] RID:BOOLE.AIRWIDESOLUTIONS.COM:4F2FCACF65D90 IMG-4f2fcad84fb52 DISCARDING: 80px REASON: min width. 
2012.02.06 14:43:04.475 [DEBUG] RID:BOOLE.AIRWIDESOLUTIONS.COM:4F2FCACF65D90 match: http://0.gravatar.com/avatar/0f586d4f7e546b7d18a125a74e63104f?s=80&amp;d=http%3A%2F%2Ftutsplus.s3.amazonaws.com%2Fgeneral%2Favatar.jpg 
2012.02.06 14:43:04.595 [DEBUG] RID:BOOLE.AIRWIDESOLUTIONS.COM:4F2FCACF65D90 IMG-4f2fcad873e03 Calculated dimensions (JPG): res=1 80x80 
2012.02.06 14:43:04.595 [DEBUG] RID:BOOLE.AIRWIDESOLUTIONS.COM:4F2FCACF65D90 IMG-4f2fcad873e03 DISCARDING: 80px REASON: min width. 
2012.02.06 14:43:04.595 [DEBUG] RID:BOOLE.AIRWIDESOLUTIONS.COM:4F2FCACF65D90 match: http://1.gravatar.com/avatar/593692b1c4b2b54b9089a0e0368f94e1?s=80&amp;d=http%3A%2F%2Ftutsplus.s3.amazonaws.com%2Fgeneral%2Favatar.jpg 
2012.02.06 14:43:04.717 [DEBUG] RID:BOOLE.AIRWIDESOLUTIONS.COM:4F2FCACF65D90 IMG-4f2fcad8913dc Calculated dimensions (JPG): res=1 80x80 
2012.02.06 14:43:04.717 [DEBUG] RID:BOOLE.AIRWIDESOLUTIONS.COM:4F2FCACF65D90 IMG-4f2fcad8913dc DISCARDING: 80px REASON: min width. 
2012.02.06 14:43:04.717 [DEBUG] RID:BOOLE.AIRWIDESOLUTIONS.COM:4F2FCACF65D90 match: http://0.gravatar.com/avatar/0db7870a467194cf4742c865be641c28?s=80&amp;d=http%3A%2F%2Ftutsplus.s3.amazonaws.com%2Fgeneral%2Favatar.jpg 
2012.02.06 14:43:04.836 [DEBUG] RID:BOOLE.AIRWIDESOLUTIONS.COM:4F2FCACF65D90 IMG-4f2fcad8af0d1 Calculated dimensions (JPG): res=1 80x80 
2012.02.06 14:43:04.836 [DEBUG] RID:BOOLE.AIRWIDESOLUTIONS.COM:4F2FCACF65D90 IMG-4f2fcad8af0d1 DISCARDING: 80px REASON: min width. 
2012.02.06 14:43:04.836 [DEBUG] RID:BOOLE.AIRWIDESOLUTIONS.COM:4F2FCACF65D90 match: http://1.gravatar.com/avatar/d59bea9457e5a59c32666226c148c686?s=80&amp;d=http%3A%2F%2Ftutsplus.s3.amazonaws.com%2Fgeneral%2Favatar.jpg 
2012.02.06 14:43:04.957 [DEBUG] RID:BOOLE.AIRWIDESOLUTIONS.COM:4F2FCACF65D90 IMG-4f2fcad8cc2c1 Calculated dimensions (JPG): res=1 80x80 
2012.02.06 14:43:04.957 [DEBUG] RID:BOOLE.AIRWIDESOLUTIONS.COM:4F2FCACF65D90 IMG-4f2fcad8cc2c1 DISCARDING: 80px REASON: min width. 
2012.02.06 14:43:04.957 [DEBUG] RID:BOOLE.AIRWIDESOLUTIONS.COM:4F2FCACF65D90 match: http://0.gravatar.com/avatar/8dc0675a5e57d8879f5f8524a6e659d7?s=80&amp;d=http%3A%2F%2Ftutsplus.s3.amazonaws.com%2Fgeneral%2Favatar.jpg 
2012.02.06 14:43:05.080 [DEBUG] RID:BOOLE.AIRWIDESOLUTIONS.COM:4F2FCACF65D90 IMG-4f2fcad8e9bd4 Failed to guess dimensions, falling back to NoJPG 
2012.02.06 14:43:05.207 [DEBUG] RID:BOOLE.AIRWIDESOLUTIONS.COM:4F2FCACF65D90 IMG-4f2fcad8e9bd4 Calculated dimensions (NoJPG): 80x80 
2012.02.06 14:43:05.207 [DEBUG] RID:BOOLE.AIRWIDESOLUTIONS.COM:4F2FCACF65D90 IMG-4f2fcad8e9bd4 DISCARDING: 80px REASON: min width. 
2012.02.06 14:43:05.207 [DEBUG] RID:BOOLE.AIRWIDESOLUTIONS.COM:4F2FCACF65D90 match: http://0.gravatar.com/avatar/6e34b7d7a6d91227024f868cad8245fa?s=80&amp;d=http%3A%2F%2Ftutsplus.s3.amazonaws.com%2Fgeneral%2Favatar.jpg 
2012.02.06 14:43:05.331 [DEBUG] RID:BOOLE.AIRWIDESOLUTIONS.COM:4F2FCACF65D90 IMG-4f2fcad93281c Calculated dimensions (JPG): res=1 80x80 
2012.02.06 14:43:05.332 [DEBUG] RID:BOOLE.AIRWIDESOLUTIONS.COM:4F2FCACF65D90 IMG-4f2fcad93281c DISCARDING: 80px REASON: min width. 
2012.02.06 14:43:05.332 [DEBUG] RID:BOOLE.AIRWIDESOLUTIONS.COM:4F2FCACF65D90 match: http://1.gravatar.com/avatar/5c931370a568b1203e342efe4689d6c9?s=80&amp;d=http%3A%2F%2Ftutsplus.s3.amazonaws.com%2Fgeneral%2Favatar.jpg 
2012.02.06 14:43:05.452 [DEBUG] RID:BOOLE.AIRWIDESOLUTIONS.COM:4F2FCACF65D90 IMG-4f2fcad95102f Calculated dimensions (JPG): res=1 80x80 
2012.02.06 14:43:05.452 [DEBUG] RID:BOOLE.AIRWIDESOLUTIONS.COM:4F2FCACF65D90 IMG-4f2fcad95102f DISCARDING: 80px REASON: min width. 
2012.02.06 14:43:05.452 [DEBUG] RID:BOOLE.AIRWIDESOLUTIONS.COM:4F2FCACF65D90 match: http://0.gravatar.com/avatar/6fa6f0343e6c25ab7d7a68ae018fa5df?s=80&amp;d=http%3A%2F%2Ftutsplus.s3.amazonaws.com%2Fgeneral%2Favatar.jpg 
2012.02.06 14:43:05.574 [DEBUG] RID:BOOLE.AIRWIDESOLUTIONS.COM:4F2FCACF65D90 IMG-4f2fcad96e5d2 Failed to guess dimensions, falling back to NoJPG 
2012.02.06 14:43:05.709 [DEBUG] RID:BOOLE.AIRWIDESOLUTIONS.COM:4F2FCACF65D90 IMG-4f2fcad96e5d2 Calculated dimensions (NoJPG): 80x80 
2012.02.06 14:43:05.709 [DEBUG] RID:BOOLE.AIRWIDESOLUTIONS.COM:4F2FCACF65D90 IMG-4f2fcad96e5d2 DISCARDING: 80px REASON: min width. 
2012.02.06 14:43:05.709 [DEBUG] RID:BOOLE.AIRWIDESOLUTIONS.COM:4F2FCACF65D90 match: http://0.gravatar.com/avatar/c10f9fc9cb11b6350da857168386f8a5?s=80&amp;d=http%3A%2F%2Ftutsplus.s3.amazonaws.com%2Fgeneral%2Favatar.jpg 
2012.02.06 14:43:05.829 [DEBUG] RID:BOOLE.AIRWIDESOLUTIONS.COM:4F2FCACF65D90 IMG-4f2fcad9ad1b9 Failed to guess dimensions, falling back to NoJPG 
2012.02.06 14:43:05.973 [DEBUG] RID:BOOLE.AIRWIDESOLUTIONS.COM:4F2FCACF65D90 IMG-4f2fcad9ad1b9 Calculated dimensions (NoJPG): 80x80 
2012.02.06 14:43:05.974 [DEBUG] RID:BOOLE.AIRWIDESOLUTIONS.COM:4F2FCACF65D90 IMG-4f2fcad9ad1b9 DISCARDING: 80px REASON: min width. 
2012.02.06 14:43:05.974 [DEBUG] RID:BOOLE.AIRWIDESOLUTIONS.COM:4F2FCACF65D90 match: http://1.gravatar.com/avatar/75394e0be63007ad01c158f8573131e5?s=80&amp;d=http%3A%2F%2Ftutsplus.s3.amazonaws.com%2Fgeneral%2Favatar.jpg 
2012.02.06 14:43:06.092 [DEBUG] RID:BOOLE.AIRWIDESOLUTIONS.COM:4F2FCACF65D90 IMG-4f2fcad9edb74 Calculated dimensions (JPG): res=1 80x80 
2012.02.06 14:43:06.092 [DEBUG] RID:BOOLE.AIRWIDESOLUTIONS.COM:4F2FCACF65D90 IMG-4f2fcad9edb74 DISCARDING: 80px REASON: min width. 
2012.02.06 14:43:06.092 [DEBUG] RID:BOOLE.AIRWIDESOLUTIONS.COM:4F2FCACF65D90 match: http://0.gravatar.com/avatar/a40acf7a96c529b2c336604d58d10afb?s=80&amp;d=http%3A%2F%2Ftutsplus.s3.amazonaws.com%2Fgeneral%2Favatar.jpg 
2012.02.06 14:43:06.212 [DEBUG] RID:BOOLE.AIRWIDESOLUTIONS.COM:4F2FCACF65D90 IMG-4f2fcada16792 Calculated dimensions (JPG): res=1 80x80 
2012.02.06 14:43:06.212 [DEBUG] RID:BOOLE.AIRWIDESOLUTIONS.COM:4F2FCACF65D90 IMG-4f2fcada16792 DISCARDING: 80px REASON: min width. 
2012.02.06 14:43:06.212 [DEBUG] RID:BOOLE.AIRWIDESOLUTIONS.COM:4F2FCACF65D90 match: http://0.gravatar.com/avatar/e788f63a77893dc02d34adcc3dcfa30c?s=80&amp;d=http%3A%2F%2Ftutsplus.s3.amazonaws.com%2Fgeneral%2Favatar.jpg 
2012.02.06 14:43:06.332 [DEBUG] RID:BOOLE.AIRWIDESOLUTIONS.COM:4F2FCACF65D90 IMG-4f2fcada33ced Calculated dimensions (JPG): res=1 80x80 
2012.02.06 14:43:06.332 [DEBUG] RID:BOOLE.AIRWIDESOLUTIONS.COM:4F2FCACF65D90 IMG-4f2fcada33ced DISCARDING: 80px REASON: min width. 
2012.02.06 14:43:06.332 [DEBUG] RID:BOOLE.AIRWIDESOLUTIONS.COM:4F2FCACF65D90 match: http://0.gravatar.com/avatar/2fbefdd8790d6ef1d023c64bf7b4c485?s=80&amp;d=http%3A%2F%2Ftutsplus.s3.amazonaws.com%2Fgeneral%2Favatar.jpg 
2012.02.06 14:43:06.456 [DEBUG] RID:BOOLE.AIRWIDESOLUTIONS.COM:4F2FCACF65D90 IMG-4f2fcada511d3 Calculated dimensions (JPG): res=1 80x80 
2012.02.06 14:43:06.456 [DEBUG] RID:BOOLE.AIRWIDESOLUTIONS.COM:4F2FCACF65D90 IMG-4f2fcada511d3 DISCARDING: 80px REASON: min width. 
2012.02.06 14:43:06.456 [DEBUG] RID:BOOLE.AIRWIDESOLUTIONS.COM:4F2FCACF65D90 match: http://1.gravatar.com/avatar/9c23e5c002417157a9264e7cded28f79?s=80&amp;d=http%3A%2F%2Ftutsplus.s3.amazonaws.com%2Fgeneral%2Favatar.jpg 
2012.02.06 14:43:06.576 [DEBUG] RID:BOOLE.AIRWIDESOLUTIONS.COM:4F2FCACF65D90 IMG-4f2fcada6f4ce Calculated dimensions (JPG): res=1 80x80 
2012.02.06 14:43:06.576 [DEBUG] RID:BOOLE.AIRWIDESOLUTIONS.COM:4F2FCACF65D90 IMG-4f2fcada6f4ce DISCARDING: 80px REASON: min width. 
2012.02.06 14:43:06.576 [DEBUG] RID:BOOLE.AIRWIDESOLUTIONS.COM:4F2FCACF65D90 match: http://1.gravatar.com/avatar/3dd0b569a1d88989eff25a82d78d7432?s=80&amp;d=http%3A%2F%2Ftutsplus.s3.amazonaws.com%2Fgeneral%2Favatar.jpg 
2012.02.06 14:43:06.697 [DEBUG] RID:BOOLE.AIRWIDESOLUTIONS.COM:4F2FCACF65D90 IMG-4f2fcada8ca60 Calculated dimensions (JPG): res=1 80x80 
2012.02.06 14:43:06.697 [DEBUG] RID:BOOLE.AIRWIDESOLUTIONS.COM:4F2FCACF65D90 IMG-4f2fcada8ca60 DISCARDING: 80px REASON: min width. 
2012.02.06 14:43:06.698 [DEBUG] RID:BOOLE.AIRWIDESOLUTIONS.COM:4F2FCACF65D90 match: http://net.tutsplus.com/wp-content/themes/tuts/images/global/access-premium.jpg 
2012.02.06 14:43:07.186 [DEBUG] RID:BOOLE.AIRWIDESOLUTIONS.COM:4F2FCACF65D90 IMG-4f2fcadaaa56d Calculated dimensions (JPG): res=1 370x395 
2012.02.06 14:43:07.186 [DEBUG] RID:BOOLE.AIRWIDESOLUTIONS.COM:4F2FCACF65D90 match: http://rockable.s3.amazonaws.com/covers/135_goodjavascript.png 
2012.02.06 14:43:07.754 [DEBUG] RID:BOOLE.AIRWIDESOLUTIONS.COM:4F2FCACF65D90 IMG-4f2fcadb2d5e5 Calculated dimensions (NoJPG): 135x135 
2012.02.06 14:43:07.754 [DEBUG] RID:BOOLE.AIRWIDESOLUTIONS.COM:4F2FCACF65D90 match: http://net.tutsplus.com/wp-content/themes/tuts/images/theme/nettuts/mc-icon.jpg 
2012.02.06 14:43:08.219 [DEBUG] RID:BOOLE.AIRWIDESOLUTIONS.COM:4F2FCACF65D90 IMG-4f2fcadbb80e1 Failed to guess dimensions, falling back to NoJPG 
2012.02.06 14:43:08.721 [DEBUG] RID:BOOLE.AIRWIDESOLUTIONS.COM:4F2FCACF65D90 IMG-4f2fcadbb80e1 Calculated dimensions (NoJPG): 134x186 
2012.02.06 14:43:08.722 [DEBUG] RID:BOOLE.AIRWIDESOLUTIONS.COM:4F2FCACF65D90 match: http://2.s3.envato.com/files/1967561/icon3.png 
2012.02.06 14:43:09.155 [DEBUG] RID:BOOLE.AIRWIDESOLUTIONS.COM:4F2FCACF65D90 IMG-4f2fcadcb035d Calculated dimensions (NoJPG): 80x80 
2012.02.06 14:43:09.156 [DEBUG] RID:BOOLE.AIRWIDESOLUTIONS.COM:4F2FCACF65D90 IMG-4f2fcadcb035d DISCARDING: 80px REASON: min width. 
2012.02.06 14:43:09.156 [DEBUG] RID:BOOLE.AIRWIDESOLUTIONS.COM:4F2FCACF65D90 match: http://3.s3.envato.com/files/12921311/8.0-small-image-preview.png 
2012.02.06 14:43:09.190 [DEBUG] RID:BOOLE.AIRWIDESOLUTIONS.COM:4F2FCACF65D90 IMG-4f2fcadd2604b Calculated dimensions (NoJPG): 80x80 
2012.02.06 14:43:09.190 [DEBUG] RID:BOOLE.AIRWIDESOLUTIONS.COM:4F2FCACF65D90 IMG-4f2fcadd2604b DISCARDING: 80px REASON: min width. 
2012.02.06 14:43:09.190 [DEBUG] RID:BOOLE.AIRWIDESOLUTIONS.COM:4F2FCACF65D90 match: http://creattica.com/uploaded-images/0018/6926/site_thumb.jpg 
2012.02.06 14:43:09.651 [DEBUG] RID:BOOLE.AIRWIDESOLUTIONS.COM:4F2FCACF65D90 IMG-4f2fcadd2e7e5 Failed to guess dimensions, falling back to NoJPG 
2012.02.06 14:43:10.308 [DEBUG] RID:BOOLE.AIRWIDESOLUTIONS.COM:4F2FCACF65D90 IMG-4f2fcadd2e7e5 Calculated dimensions (NoJPG): 320x260 
2012.02.06 14:43:10.308 [DEBUG] RID:BOOLE.AIRWIDESOLUTIONS.COM:4F2FCACF65D90 match: http://net.tutsplus.com/wp-content/themes/tuts/images/global/adhere_330.jpg 
2012.02.06 14:43:10.782 [DEBUG] RID:BOOLE.AIRWIDESOLUTIONS.COM:4F2FCACF65D90 IMG-4f2fcade4b2c2 Calculated dimensions (JPG): res=1 330x250 
2012.02.06 14:43:10.782 [INFO] RID:BOOLE.AIRWIDESOLUTIONS.COM:4F2FCACF65D90 OMS: scrapped 39 of 46 images 
2012.02.06 14:43:11.919 [INFO] RID:BOOLE.AIRWIDESOLUTIONS.COM:4F2FCACF65D90 META description found: Mtv.it - il punto di riferimento per la musica italiana e internazionale. Il sito presenta il palinsesto dell'emittente televisiva e informazioni su artisti, dischi, classifiche e concerti in Italia 
2012.02.06 14:43:11.943 [INFO] RID:BOOLE.AIRWIDESOLUTIONS.COM:4F2FCACF65D90 found 14 images in http://mtv.it/ 
2012.02.06 14:43:11.943 [DEBUG] RID:BOOLE.AIRWIDESOLUTIONS.COM:4F2FCACF65D90 match: http://media.mtvne.com/manual/regions/it/tv/i_used_to_be_fat/stagione_02/it_iusedtobefat_201_140.jpg 
2012.02.06 14:43:12.295 [DEBUG] RID:BOOLE.AIRWIDESOLUTIONS.COM:4F2FCACF65D90 IMG-4f2fcadfe651f Calculated dimensions (JPG): res=1 140x105 
2012.02.06 14:43:12.296 [DEBUG] RID:BOOLE.AIRWIDESOLUTIONS.COM:4F2FCACF65D90 match: http://media.mtvne.com/manual/regions/it/tv/extreme_cribs/stagione_01/it_extreme_cribs_105_140.jpg 
2012.02.06 14:43:12.314 [DEBUG] RID:BOOLE.AIRWIDESOLUTIONS.COM:4F2FCACF65D90 IMG-4f2fcae0482c3 Calculated dimensions (JPG): res=1 140x105 
2012.02.06 14:43:12.315 [DEBUG] RID:BOOLE.AIRWIDESOLUTIONS.COM:4F2FCACF65D90 match: http://media.mtvne.com/manual/regions/it/tv/teen_mom/stagione_03/it_teen_mom_305_140.jpg 
2012.02.06 14:43:12.327 [DEBUG] RID:BOOLE.AIRWIDESOLUTIONS.COM:4F2FCACF65D90 IMG-4f2fcae04cd04 Calculated dimensions (JPG): res=1 140x105 
2012.02.06 14:43:12.327 [DEBUG] RID:BOOLE.AIRWIDESOLUTIONS.COM:4F2FCACF65D90 match: http://media.mtvne.com/manual/regions/it/tv/degrassi/stagione_08/it_degrassi_801_140.jpg 
2012.02.06 14:43:12.340 [DEBUG] RID:BOOLE.AIRWIDESOLUTIONS.COM:4F2FCACF65D90 IMG-4f2fcae04ff87 Calculated dimensions (JPG): res=1 140x105 
2012.02.06 14:43:12.341 [DEBUG] RID:BOOLE.AIRWIDESOLUTIONS.COM:4F2FCACF65D90 match: http://www.mtvnews.it/wp-content/blogs.dir/2/files/2012/02/it_mtvnews_faccio_il_lavoro_di_mio_padre_mizio_320.jpg 
2012.02.06 14:43:12.515 [DEBUG] RID:BOOLE.AIRWIDESOLUTIONS.COM:4F2FCACF65D90 IMG-4f2fcae0532eb Calculated dimensions (JPG): res=1 320x240 
2012.02.06 14:43:12.515 [DEBUG] RID:BOOLE.AIRWIDESOLUTIONS.COM:4F2FCACF65D90 match: http://store.mtv.it/images/products/35701/img1.jpg 
2012.02.06 14:43:12.881 [DEBUG] RID:BOOLE.AIRWIDESOLUTIONS.COM:4F2FCACF65D90 IMG-4f2fcae07dadc Calculated dimensions (JPG): res=1 150x150 
2012.02.06 14:43:12.882 [DEBUG] RID:BOOLE.AIRWIDESOLUTIONS.COM:4F2FCACF65D90 match: http://store.mtv.it/images/products/38557/img1.jpg 
2012.02.06 14:43:13.315 [DEBUG] RID:BOOLE.AIRWIDESOLUTIONS.COM:4F2FCACF65D90 IMG-4f2fcae0d73cb Failed to guess dimensions, falling back to NoJPG 
2012.02.06 14:43:13.934 [DEBUG] RID:BOOLE.AIRWIDESOLUTIONS.COM:4F2FCACF65D90 IMG-4f2fcae0d73cb Calculated dimensions (NoJPG): 433x433 
2012.02.06 14:43:13.934 [DEBUG] RID:BOOLE.AIRWIDESOLUTIONS.COM:4F2FCACF65D90 match: http://store.mtv.it/images/products/40828/img1.jpg 
2012.02.06 14:43:14.307 [DEBUG] RID:BOOLE.AIRWIDESOLUTIONS.COM:4F2FCACF65D90 IMG-4f2fcae1e3fe0 Calculated dimensions (JPG): res=1 150x150 
2012.02.06 14:43:14.308 [DEBUG] RID:BOOLE.AIRWIDESOLUTIONS.COM:4F2FCACF65D90 match: http://biglietti.mtv.it/SecondaryTicket/images/events/715/small.jpg 
2012.02.06 14:43:14.877 [DEBUG] RID:BOOLE.AIRWIDESOLUTIONS.COM:4F2FCACF65D90 IMG-4f2fcae24b1b5 Calculated dimensions (JPG): res=1 120x70 
2012.02.06 14:43:14.877 [DEBUG] RID:BOOLE.AIRWIDESOLUTIONS.COM:4F2FCACF65D90 IMG-4f2fcae24b1b5 DISCARDING: 70px REASON: min height. 
2012.02.06 14:43:14.877 [DEBUG] RID:BOOLE.AIRWIDESOLUTIONS.COM:4F2FCACF65D90 match: http://biglietti.mtv.it/SecondaryTicket/images/events/3076/small.jpg 
2012.02.06 14:43:15.368 [DEBUG] RID:BOOLE.AIRWIDESOLUTIONS.COM:4F2FCACF65D90 IMG-4f2fcae2d61b0 Calculated dimensions (JPG): res=1 120x70 
2012.02.06 14:43:15.368 [DEBUG] RID:BOOLE.AIRWIDESOLUTIONS.COM:4F2FCACF65D90 IMG-4f2fcae2d61b0 DISCARDING: 70px REASON: min height. 
2012.02.06 14:43:15.368 [DEBUG] RID:BOOLE.AIRWIDESOLUTIONS.COM:4F2FCACF65D90 match: http://biglietti.mtv.it/SecondaryTicket/images/events/3800/small.jpg 
2012.02.06 14:43:15.878 [DEBUG] RID:BOOLE.AIRWIDESOLUTIONS.COM:4F2FCACF65D90 IMG-4f2fcae359d8e Failed to guess dimensions, falling back to NoJPG 
2012.02.06 14:43:16.817 [DEBUG] RID:BOOLE.AIRWIDESOLUTIONS.COM:4F2FCACF65D90 IMG-4f2fcae359d8e Calculated dimensions (NoJPG): 500x296 
2012.02.06 14:43:16.817 [DEBUG] RID:BOOLE.AIRWIDESOLUTIONS.COM:4F2FCACF65D90 match: http://mtv-it.mtvnimages.com/chartItems/telo.jpg 
2012.02.06 14:43:17.175 [DEBUG] RID:BOOLE.AIRWIDESOLUTIONS.COM:4F2FCACF65D90 IMG-4f2fcae4c782c Calculated dimensions (JPG): res=1 140x105 
2012.02.06 14:43:17.176 [DEBUG] RID:BOOLE.AIRWIDESOLUTIONS.COM:4F2FCACF65D90 match: http://mtv-it.mtvnimages.com/chartItems/distratto.jpg 
2012.02.06 14:43:17.187 [DEBUG] RID:BOOLE.AIRWIDESOLUTIONS.COM:4F2FCACF65D90 IMG-4f2fcae52ae7e Calculated dimensions (JPG): res=1 140x105 
2012.02.06 14:43:17.187 [DEBUG] RID:BOOLE.AIRWIDESOLUTIONS.COM:4F2FCACF65D90 match: http://mtv.mtvnimages.com/shared/promoimages/bands/a/adele/someone_like_you/561x401.jpg 
2012.02.06 14:43:17.545 [DEBUG] RID:BOOLE.AIRWIDESOLUTIONS.COM:4F2FCACF65D90 IMG-4f2fcae52dac8 Failed to guess dimensions, falling back to NoJPG 
2012.02.06 14:43:17.598 [DEBUG] RID:BOOLE.AIRWIDESOLUTIONS.COM:4F2FCACF65D90 IMG-4f2fcae52dac8 Calculated dimensions (NoJPG): 561x401 
2012.02.06 14:43:17.598 [INFO] RID:BOOLE.AIRWIDESOLUTIONS.COM:4F2FCACF65D90 OMS: scrapped 2 of 14 images 
